<?xml version="1.0" encoding="UTF-8"?>
<testng-results skipped="0" failed="0" total="1" passed="1">
  <reporter-output>
  </reporter-output>
  <suite name="SmokeSuite" duration-ms="10032" started-at="2017-02-03T21:57:41Z" finished-at="2017-02-03T21:57:51Z">
    <groups>
    </groups>
    <test name="Test" duration-ms="10032" started-at="2017-02-03T21:57:41Z" finished-at="2017-02-03T21:57:51Z">
      <class name="com.AgileAutomationCI_Selenium.CI_Selenium.AppTest">
        <test-method status="PASS" signature="TC01_LoginValidation()[pri:0, instance:com.AgileAutomationCI_Selenium.CI_Selenium.AppTest@506e6d5e]" name="TC01_LoginValidation" duration-ms="10023" started-at="2017-02-03T15:57:41Z" finished-at="2017-02-03T15:57:51Z">
          <reporter-output>
          </reporter-output>
        </test-method> <!-- TC01_LoginValidation -->
      </class> <!-- com.AgileAutomationCI_Selenium.CI_Selenium.AppTest -->
    </test> <!-- Test -->
  </suite> <!-- SmokeSuite -->
</testng-results>
